{"/Users/lucasvda/Projects/github-codepipeline-build-status/lib/index.ts": {"path":"/Users/lucasvda/Projects/github-codepipeline-build-status/lib/index.ts","statementMap":{"0":{"start":{"line":1,"column":0},"end":{"line":1,"column":37}},"1":{"start":{"line":2,"column":0},"end":{"line":2,"column":40}},"2":{"start":{"line":3,"column":0},"end":{"line":3,"column":46}},"3":{"start":{"line":4,"column":0},"end":{"line":4,"column":40}},"4":{"start":{"line":5,"column":0},"end":{"line":5,"column":76}},"5":{"start":{"line":7,"column":0},"end":{"line":7,"column":42}},"6":{"start":{"line":16,"column":4},"end":{"line":16,"column":21}},"7":{"start":{"line":18,"column":15},"end":{"line":25,"column":6}},"8":{"start":{"line":27,"column":4},"end":{"line":32,"column":6}},"9":{"start":{"line":33,"column":4},"end":{"line":38,"column":6}},"10":{"start":{"line":40,"column":18},"end":{"line":42,"column":6}},"11":{"start":{"line":43,"column":4},"end":{"line":51,"column":6}},"12":{"start":{"line":52,"column":4},"end":{"line":56,"column":7}},"13":{"start":{"line":57,"column":4},"end":{"line":61,"column":7}},"14":{"start":{"line":62,"column":4},"end":{"line":74,"column":7}},"15":{"start":{"line":14,"column":0},"end":{"line":14,"column":13}}},"fnMap":{"0":{"name":"(anonymous_6)","decl":{"start":{"line":15,"column":2},"end":{"line":15,"column":14}},"loc":{"start":{"line":15,"column":72},"end":{"line":75,"column":3}}}},"branchMap":{},"s":{"0":1,"1":1,"2":1,"3":1,"4":1,"5":1,"6":1,"7":1,"8":1,"9":1,"10":1,"11":1,"12":1,"13":1,"14":1,"15":1},"f":{"0":1},"b":{}}
,"/Users/lucasvda/Projects/github-codepipeline-build-status/lib/lambdaCode.ts": {"path":"/Users/lucasvda/Projects/github-codepipeline-build-status/lib/lambdaCode.ts","statementMap":{"0":{"start":{"line":1,"column":13},"end":{"line":55,"column":2}}},"fnMap":{},"branchMap":{},"s":{"0":1},"f":{},"b":{}}
}
